#
# There is insufficient memory for the Java Runtime Environment to continue.
# Native memory allocation (mmap) failed to map 264241152 bytes. Error detail: G1 virtual space
# Possible reasons:
#   The system is out of physical RAM or swap space
#   This process is running with CompressedOops enabled, and the Java Heap may be blocking the growth of the native heap
# Possible solutions:
#   Reduce memory load on the system
#   Increase physical memory or swap space
#   Check if swap backing store is full
#   Decrease Java heap size (-Xmx/-Xms)
#   Decrease number of Java threads
#   Decrease Java thread stack sizes (-Xss)
#   Set larger code cache with -XX:ReservedCodeCacheSize=
#   JVM is running with Zero Based Compressed Oops mode in which the Java heap is
#     placed in the first 32GB address space. The Java Heap base address is the
#     maximum limit for the native heap growth. Please use -XX:HeapBaseMinAddress
#     to set the Java Heap base and to place the Java Heap above 32GB virtual address.
# This output file may be truncated or incomplete.
#
#  Out of Memory Error (os_windows.cpp:3703), pid=32196, tid=11800
#
# JRE version:  (23.0.1+11) (build )
# Java VM: Java HotSpot(TM) 64-Bit Server VM (23.0.1+11-39, mixed mode, sharing, tiered, compressed oops, compressed class ptrs, g1 gc, windows-amd64)
# No core dump will be written. Minidumps are not enabled by default on client versions of Windows
#

---------------  S U M M A R Y ------------

Command Line: --add-modules=ALL-DEFAULT jdk.compiler/com.sun.tools.javac.launcher.SourceLauncher pattern6.java

Host: 12th Gen Intel(R) Core(TM) i5-1235U, 12 cores, 15G,  Windows 11 , 64 bit Build 26100 (10.0.26100.7309)
Time: Thu Jan 22 20:58:16 2026 India Standard Time elapsed time: 0.009198 seconds (0d 0h 0m 0s)

---------------  T H R E A D  ---------------

Current thread (0x0000022a9ab1e1d0):  JavaThread "Unknown thread" [_thread_in_vm, id=11800, stack(0x000000c534f00000,0x000000c535000000) (1024K)]

Stack: [0x000000c534f00000,0x000000c535000000]
Native frames: (J=compiled Java code, j=interpreted, Vv=VM code, C=native code)
V  [jvm.dll+0x6e08b9]  (no source info available)
V  [jvm.dll+0x87dc83]  (no source info available)
V  [jvm.dll+0x88010e]  (no source info available)
V  [jvm.dll+0x8807e3]  (no source info available)
V  [jvm.dll+0x27aee6]  (no source info available)
V  [jvm.dll+0x6dd1c5]  (no source info available)
V  [jvm.dll+0x6d104a]  (no source info available)
V  [jvm.dll+0x35b3ea]  (no source info available)
V  [jvm.dll+0x3637f6]  (no source info available)
V  [jvm.dll+0x34fd5e]  (no source info available)
V  [jvm.dll+0x34fff8]  (no source info available)
V  [jvm.dll+0x3289cc]  (no source info available)
V  [jvm.dll+0x32966e]  (no source info available)
V  [jvm.dll+0x844355]  (no source info available)
V  [jvm.dll+0x3b9848]  (no source info available)
V  [jvm.dll+0x82d14c]  (no source info available)
V  [jvm.dll+0x454d4e]  (no source info available)
V  [jvm.dll+0x456bd1]  (no source info available)
C  [jli.dll+0x52a3]  (no source info available)
C  [ucrtbase.dll+0x37b0]  (no source info available)
C  [KERNEL32.DLL+0x2e8d7]  (no source info available)
C  [ntdll.dll+0x8c53c]  (no source info available)

Lock stack of current Java thread (top to bottom):


---------------  P R O C E S S  ---------------

Threads class SMR info:
_java_thread_list=0x00007ffca13d3618, length=0, elements={
}

Java Threads: ( => current thread )
Total: 0

Other Threads:
  0x0000022a9ceadc50 WorkerThread "GC Thread#0"                     [id=14392, stack(0x000000c535000000,0x000000c535100000) (1024K)]
  0x0000022a9cec5b70 ConcurrentGCThread "G1 Main Marker"            [id=14180, stack(0x000000c535100000,0x000000c535200000) (1024K)]
  0x0000022a9cec7530 WorkerThread "G1 Conc#0"                       [id=3064, stack(0x000000c535200000,0x000000c535300000) (1024K)]

[error occurred during error reporting (printing all threads), id 0xc0000005, EXCEPTION_ACCESS_VIOLATION (0xc0000005) at pc=0x00007ffca0b1bfba]
VM state: not at safepoint (not fully initialized)

VM Mutex/Monitor currently owned by a thread:  ([mutex/lock_event])
[0x00007ffca1453a10] Heap_lock - owner thread: 0x0000022a9ab1e1d0

Heap address: 0x0000000705200000, size: 4014 MB, Compressed Oops mode: Zero based, Oop shift amount: 3

CDS archive(s) mapped at: [0x0000000000000000-0x0000000000000000-0x0000000000000000), size 0, SharedBaseAddress: 0x0000000800000000, ArchiveRelocationMode: 1.
Narrow klass base: 0x0000000000000000, Narrow klass shift: 0, Narrow klass range: 0x0

GC Precious Log:
 CardTable entry size: 512
 Card Set container configuration: InlinePtr #cards 4 size 8 Array Of Cards #cards 16 size 48 Howl #buckets 8 coarsen threshold 3686 Howl Bitmap #cards 512 size 80 coarsen threshold 460 Card regions per heap region 1 cards per card region 4096

Heap:
 garbage-first heap   total reserved 4110336K, committed 0K, used 0K [0x0000000705200000, 0x0000000800000000)
  region size 2048K, 0 young (0K), 0 survivors (0K)

[error occurred during error reporting (printing heap information), id 0xc0000005, EXCEPTION_ACCESS_VIOLATION (0xc0000005) at pc=0x00007ffca0f1c3c9]
GC Heap History (0 events):
No events

Dll operation events (1 events):
Event: 0.005 Loaded shared library C:\Program Files\Java\jdk-23\bin\java.dll

Deoptimization events (0 events):
No events

Classes loaded (0 events):
No events

Classes unloaded (0 events):
No events

Classes redefined (0 events):
No events

Internal exceptions (0 events):
No events

VM Operations (0 events):
No events

Memory protections (0 events):
No events

Nmethod flushes (0 events):
No events

Events (0 events):
No events


Dynamic libraries:
0x00007ff72c4a0000 - 0x00007ff72c4b0000 	C:\Program Files\Java\jdk-23\bin\java.exe
0x00007ffd0d7c0000 - 0x00007ffd0da27000 	C:\WINDOWS\SYSTEM32\ntdll.dll
0x00007ffd0c070000 - 0x00007ffd0c139000 	C:\WINDOWS\System32\KERNEL32.DLL
0x00007ffd0aea0000 - 0x00007ffd0b28f000 	C:\WINDOWS\System32\KERNELBASE.dll
0x00007ffd0b350000 - 0x00007ffd0b49b000 	C:\WINDOWS\System32\ucrtbase.dll
0x00007ffce8cc0000 - 0x00007ffce8cd7000 	C:\Program Files\Java\jdk-23\bin\jli.dll
0x00007ffce8ca0000 - 0x00007ffce8cbb000 	C:\Program Files\Java\jdk-23\bin\VCRUNTIME140.dll
0x00007ffd0cb40000 - 0x00007ffd0cd05000 	C:\WINDOWS\System32\USER32.dll
0x00007ffd0aa90000 - 0x00007ffd0aab7000 	C:\WINDOWS\System32\win32u.dll
0x00007ffce4640000 - 0x00007ffce48d3000 	C:\WINDOWS\WinSxS\amd64_microsoft.windows.common-controls_6595b64144ccf1df_6.0.26100.7309_none_3e05feeae336a044\COMCTL32.dll
0x00007ffd0b720000 - 0x00007ffd0b74b000 	C:\WINDOWS\System32\GDI32.dll
0x00007ffd0cd10000 - 0x00007ffd0cdb9000 	C:\WINDOWS\System32\msvcrt.dll
0x00007ffd0ac30000 - 0x00007ffd0ad5c000 	C:\WINDOWS\System32\gdi32full.dll
0x00007ffd0adf0000 - 0x00007ffd0ae93000 	C:\WINDOWS\System32\msvcp_win.dll
0x00007ffd0cdc0000 - 0x00007ffd0cdf1000 	C:\WINDOWS\System32\IMM32.DLL
0x00007ffd05280000 - 0x00007ffd0528c000 	C:\Program Files\Java\jdk-23\bin\vcruntime140_1.dll
0x00007ffce6770000 - 0x00007ffce67fe000 	C:\Program Files\Java\jdk-23\bin\msvcp140.dll
0x00007ffca07e0000 - 0x00007ffca152f000 	C:\Program Files\Java\jdk-23\bin\server\jvm.dll
0x00007ffd0b660000 - 0x00007ffd0b714000 	C:\WINDOWS\System32\ADVAPI32.dll
0x00007ffd0d420000 - 0x00007ffd0d4c6000 	C:\WINDOWS\System32\sechost.dll
0x00007ffd0b750000 - 0x00007ffd0b868000 	C:\WINDOWS\System32\RPCRT4.dll
0x00007ffd0b560000 - 0x00007ffd0b5d4000 	C:\WINDOWS\System32\WS2_32.dll
0x00007ffd0a790000 - 0x00007ffd0a7ee000 	C:\WINDOWS\SYSTEM32\POWRPROF.dll
0x00007ffcffc40000 - 0x00007ffcffc75000 	C:\WINDOWS\SYSTEM32\WINMM.dll
0x00007ffcfcc20000 - 0x00007ffcfcc2b000 	C:\WINDOWS\SYSTEM32\VERSION.dll
0x00007ffd0a750000 - 0x00007ffd0a764000 	C:\WINDOWS\SYSTEM32\UMPDC.dll
0x00007ffd096c0000 - 0x00007ffd096db000 	C:\WINDOWS\SYSTEM32\kernel.appcore.dll
0x00007ffcea6c0000 - 0x00007ffcea6ca000 	C:\Program Files\Java\jdk-23\bin\jimage.dll
0x00007ffd08020000 - 0x00007ffd08262000 	C:\WINDOWS\SYSTEM32\DBGHELP.DLL
0x00007ffd0d090000 - 0x00007ffd0d415000 	C:\WINDOWS\System32\combase.dll
0x00007ffd0cfb0000 - 0x00007ffd0d086000 	C:\WINDOWS\System32\OLEAUT32.dll
0x00007ffce4480000 - 0x00007ffce44bc000 	C:\WINDOWS\SYSTEM32\dbgcore.DLL
0x00007ffd0b2a0000 - 0x00007ffd0b345000 	C:\WINDOWS\System32\bcryptPrimitives.dll
0x00007ffce8c50000 - 0x00007ffce8c6e000 	C:\Program Files\Java\jdk-23\bin\java.dll
0x00007ffd0d4d0000 - 0x00007ffd0d667000 	C:\WINDOWS\System32\ole32.dll
0x00007ffd0c370000 - 0x00007ffd0cac3000 	C:\WINDOWS\System32\SHELL32.dll
0x00007ffd0aac0000 - 0x00007ffd0ac2a000 	C:\WINDOWS\System32\wintypes.dll

dbghelp: loaded successfully - version: 4.0.5 - missing functions: none
symbol engine: initialized successfully - sym options: 0x614 - pdb path: .;C:\Program Files\Java\jdk-23\bin;C:\WINDOWS\SYSTEM32;C:\WINDOWS\WinSxS\amd64_microsoft.windows.common-controls_6595b64144ccf1df_6.0.26100.7309_none_3e05feeae336a044;C:\Program Files\Java\jdk-23\bin\server

VM Arguments:
jvm_args: --add-modules=ALL-DEFAULT 
java_command: jdk.compiler/com.sun.tools.javac.launcher.SourceLauncher pattern6.java
java_class_path (initial): .
Launcher Type: SUN_STANDARD

[Global flags]
     intx CICompilerCount                          = 4                                         {product} {ergonomic}
     uint ConcGCThreads                            = 3                                         {product} {ergonomic}
     uint G1ConcRefinementThreads                  = 10                                        {product} {ergonomic}
   size_t G1HeapRegionSize                         = 2097152                                   {product} {ergonomic}
   size_t InitialHeapSize                          = 264241152                                 {product} {ergonomic}
   size_t MarkStackSize                            = 4194304                                   {product} {ergonomic}
   size_t MarkStackSizeMax                         = 536870912                                 {product} {ergonomic}
   size_t MaxHeapSize                              = 4208984064                                {product} {ergonomic}
   size_t MinHeapDeltaBytes                        = 2097152                                   {product} {ergonomic}
   size_t MinHeapSize                              = 8388608                                   {product} {ergonomic}
    uintx NonNMethodCodeHeapSize                   = 5832704                                {pd product} {ergonomic}
    uintx NonProfiledCodeHeapSize                  = 122945536                              {pd product} {ergonomic}
    uintx ProfiledCodeHeapSize                     = 122880000                              {pd product} {ergonomic}
    uintx ReservedCodeCacheSize                    = 251658240                              {pd product} {ergonomic}
     bool SegmentedCodeCache                       = true                                      {product} {ergonomic}
   size_t SoftMaxHeapSize                          = 4208984064                             {manageable} {ergonomic}
     bool UseCompressedOops                        = true                           {product lp64_product} {ergonomic}
     bool UseG1GC                                  = true                                      {product} {ergonomic}
     bool UseLargePagesIndividualAllocation        = false                                  {pd product} {ergonomic}

Logging:
Log output configuration:
 #0: stdout all=warning uptime,level,tags foldmultilines=false
 #1: stderr all=off uptime,level,tags foldmultilines=false

Environment Variables:
PATH=C:\Program Files\Common Files\Oracle\Java\javapath;C:\windows\system32;C:\windows;C:\windows\System32\Wbem;C:\windows\System32\WindowsPowerShell\v1.0\;C:\windows\System32\OpenSSH\;C:\Program Files\HP\HP One Agent;C:\Program Files\Java\jdk-22\bin;C:\Program Files\nodejs\;C:\Program Files\dotnet\;C:\Program Files\Git\cmd;C:\Program Files\Java\jdk-22;;%SystemRoot%\system32;%SystemRoot%;%SystemRoot%\System32\Wbem;%SYSTEMROOT%\System32\WindowsPowerShell\v1.0\;%SYSTEMROOT%\System32\OpenSSH\;C:\Users\poornima S\AppData\Local\Programs\Python\Python312\Scripts\;C:\Users\poornima S\AppData\Local\Programs\Python\Python312\;C:\Users\poornima S\AppData\Local\Programs\Python\Launcher\;C:\Users\poornima S\AppData\Local\Microsoft\WindowsApps;C:\Users\poornima S\AppData\Roaming\npm;C:\Users\poornima S\AppData\Local\Programs\mongosh\;C:\Users\poornima S\AppData\Local\Programs\Microsoft VS Code\bin
USERNAME=poornima S
LANG=en_US.UTF-8
OS=Windows_NT
PROCESSOR_IDENTIFIER=Intel64 Family 6 Model 154 Stepping 4, GenuineIntel
TMP=C:\Users\POORNI~1\AppData\Local\Temp
TEMP=C:\Users\POORNI~1\AppData\Local\Temp




Periodic native trim disabled

---------------  S Y S T E M  ---------------

OS:
 Windows 11 , 64 bit Build 26100 (10.0.26100.7309)
OS uptime: 35 days 6:09 hours
Hyper-V role detected

CPU: total 12 (initial active 12) (6 cores per cpu, 2 threads per core) family 6 model 154 stepping 4 microcode 0x42c, cx8, cmov, fxsr, ht, mmx, 3dnowpref, sse, sse2, sse3, ssse3, sse4.1, sse4.2, popcnt, lzcnt, tsc, tscinvbit, avx, avx2, aes, erms, clmul, bmi1, bmi2, adx, sha, fma, vzeroupper, clflush, clflushopt, clwb, hv, serialize, rdtscp, rdpid, fsrm, gfni, f16c, cet_ibt, cet_ss
Processor Information for processor 0
  Max Mhz: 1300, Current Mhz: 1300, Mhz Limit: 1300
Processor Information for processor 1
  Max Mhz: 1300, Current Mhz: 1300, Mhz Limit: 1300
Processor Information for processor 2
  Max Mhz: 1300, Current Mhz: 1300, Mhz Limit: 1300
Processor Information for processor 3
  Max Mhz: 1300, Current Mhz: 1300, Mhz Limit: 1300
Processor Information for processor 4
  Max Mhz: 1300, Current Mhz: 900, Mhz Limit: 897
Processor Information for processor 5
  Max Mhz: 1300, Current Mhz: 900, Mhz Limit: 897
Processor Information for processor 6
  Max Mhz: 1300, Current Mhz: 900, Mhz Limit: 897
Processor Information for processor 7
  Max Mhz: 1300, Current Mhz: 900, Mhz Limit: 897
Processor Information for processor 8
  Max Mhz: 1300, Current Mhz: 900, Mhz Limit: 897
Processor Information for processor 9
  Max Mhz: 1300, Current Mhz: 900, Mhz Limit: 897
Processor Information for processor 10
  Max Mhz: 1300, Current Mhz: 900, Mhz Limit: 897
Processor Information for processor 11
  Max Mhz: 1300, Current Mhz: 900, Mhz Limit: 897

Memory: 4k page, system-wide physical 16055M (3497M free)
TotalPageFile size 35724M (AvailPageFile size 176M)
current process WorkingSet (physical memory assigned to process): 13M, peak: 13M
current process commit charge ("private bytes"): 65M, peak: 316M

vm_info: Java HotSpot(TM) 64-Bit Server VM (23.0.1+11-39) for windows-amd64 JRE (23.0.1+11-39), built on 2024-09-30T07:20:43Z with MS VC++ 17.6 (VS2022)

END.
